<?xml version="1.0" encoding="UTF-8"?>
<!-- Generated by org.testng.reporters.JUnitXMLReporter -->
<testsuite ignored="0" hostname="VINODHOSTING" failures="0" tests="3" name="LoginTest" time="404.818" errors="0" timestamp="2022-06-29T12:32:23 IST">
  <testcase classname="tests.LoginTest" name="loginWithValidCredentials" time="1.242"/>
  <testcase classname="tests.LoginTest" name="loginWithValidUsernameAndInvalidPassword" time="0.942"/>
  <testcase classname="tests.LoginTest" name="loginWithInvalidUsernameAndValidPassword" time="1.158"/>
</testsuite> <!-- LoginTest -->
