<?xml version="1.0" encoding="UTF-8"?>
<!-- Generated by org.testng.reporters.JUnitXMLReporter -->
<testsuite ignored="0" hostname="VINODHOSTING" failures="0" tests="3" name="SearchTest" time="406.621" errors="0" timestamp="2022-06-29T12:39:09 IST">
  <testcase classname="tests.SearchTest" name="searchWithValidProduct" time="0.815"/>
  <testcase classname="tests.SearchTest" name="searchWithInValidProduct" time="1.138"/>
  <testcase classname="tests.SearchTest" name="searchWithoutAnyProduct" time="0.543"/>
</testsuite> <!-- SearchTest -->
